Arguments: 
  C:\Program Files\nodejs\node.exe C:\Users\KimHeeDong\AppData\Roaming\npm\node_modules\yarn\bin\yarn.js add @types/path

PATH: 
  C:\ProgramData\Anaconda3;C:\ProgramData\Anaconda3\Library\mingw-w64\bin;C:\ProgramData\Anaconda3\Library\usr\bin;C:\ProgramData\Anaconda3\Library\bin;C:\ProgramData\Anaconda3\Scripts;C:\ProgramData\Oracle\Java\javapath;C:\Users\KimHeeDong\Documents\product\11.2.0\client_1\bin;C:\Program Files (x86)\Rockwell Software\RSCommon;C:\Program Files (x86)\Intel\iCLS Client\;C:\Program Files\Intel\iCLS Client\;C:\WINDOWS\system32;C:\WINDOWS;C:\WINDOWS\System32\Wbem;C:\WINDOWS\System32\WindowsPowerShell\v1.0\;C:\Program Files\Intel\Intel(R) Management Engine Components\DAL;C:\Program Files\Intel\Intel(R) Management Engine Components\IPT;C:\Program Files (x86)\Intel\Intel(R) Management Engine Components\DAL;C:\Program Files (x86)\Intel\Intel(R) Management Engine Components\IPT;C:\Program Files\Samsung\AllShare Framework DMS\1.3.23\;C:\Program Files\Samsung\AllShare Framework DMS\1.3.23\64bit\;C:\Program Files (x86)\Windows Kits\10\Windows Performance Toolkit\;C:\Program Files\PuTTY\;C:\Program Files\Java\jdk1.8.0_151\bin;C:\Program Files (x86)\Graphviz2.38\bin;C:\Spark\bin;C:\Spark\bin\hadoop-2.7.1\bin;C:\Spark\bin\hadoop-2.7.1\sbin;C:\Program Files\Git\cmd;C:\Program Files\nodejs\;C:\mongodb\bin;C:\Users\KimHeeDong\AppData\Roaming\npm;C:\Users\KimHeeDong\AppData\Local\Microsoft\WindowsApps;C:\Users\KimHeeDong\Desktop\WinPython-64bit-3.6.0.1Qt5\python-3.6.0.amd64;C:\Users\KimHeeDong\Desktop\WinPython-64bit-3.6.0.1Qt5\python-3.6.0.amd64\Scripts;C:\Program Files (x86)\Graphviz2.38\bin;C:\Users\KimHeeDong\AppData\Local\Programs\Microsoft VS Code\bin;C:\Program Files\Bandizip\;C:\Users\KimHeeDong\AppData\Roaming\npm;C:\Program Files\Docker Toolbox

Yarn version: 
  1.16.0

Node version: 
  10.15.3

Platform: 
  win32 x64

Trace: 
  Error: https://registry.yarnpkg.com/@types%2fpath: Not found
      at Request.params.callback [as _callback] (C:\Users\KimHeeDong\AppData\Roaming\npm\node_modules\yarn\lib\cli.js:66091:18)
      at Request.self.callback (C:\Users\KimHeeDong\AppData\Roaming\npm\node_modules\yarn\lib\cli.js:129590:22)
      at Request.emit (events.js:189:13)
      at Request.<anonymous> (C:\Users\KimHeeDong\AppData\Roaming\npm\node_modules\yarn\lib\cli.js:130562:10)
      at Request.emit (events.js:189:13)
      at IncomingMessage.<anonymous> (C:\Users\KimHeeDong\AppData\Roaming\npm\node_modules\yarn\lib\cli.js:130484:12)
      at Object.onceWrapper (events.js:277:13)
      at IncomingMessage.emit (events.js:194:15)
      at endReadableNT (_stream_readable.js:1125:12)
      at process._tickCallback (internal/process/next_tick.js:63:19)

npm manifest: 
  {
    "name": "ch6",
    "version": "1.0.0",
    "description": "",
    "main": "arrow_function_this.js",
    "scripts": {
      "test": "echo \"Error: no test specified\" && exit 1"
    },
    "keywords": [],
    "author": "",
    "license": "ISC",
    "dependencies": {
      "@types/express": "types/express",
      "express": "^4.17.1"
    }
  }

yarn manifest: 
  No manifest

Lockfile: 
  # THIS IS AN AUTOGENERATED FILE. DO NOT EDIT THIS FILE DIRECTLY.
  # yarn lockfile v1
  
  
  "@types/express@types/express":
    version "4.14.0"
    resolved "https://codeload.github.com/types/express/tar.gz/7670cf1cbce96b3159e3ff04a253926b34111220"
    dependencies:
      "@types/serve-static" "github:types/npm-serve-static#c1f96843c8b96a37f6c534cb1dadb48f5329e4e0"
      path-to-regexp "github:pillarjs/path-to-regexp#ec285ed3500aed455df59e3b8b07f473412918a4"
  
  "@types/serve-static@github:types/npm-serve-static#c1f96843c8b96a37f6c534cb1dadb48f5329e4e0":
    version "1.11.1"
    resolved "https://codeload.github.com/types/npm-serve-static/tar.gz/c1f96843c8b96a37f6c534cb1dadb48f5329e4e0"
  
  isarray@0.0.1:
    version "0.0.1"
    resolved "https://registry.yarnpkg.com/isarray/-/isarray-0.0.1.tgz#8a18acfca9a8f4177e09abfc6038939b05d1eedf"
    integrity sha1-ihis/Kmo9Bd+Cav8YDiTmwXR7t8=
  
  "path-to-regexp@github:pillarjs/path-to-regexp#ec285ed3500aed455df59e3b8b07f473412918a4":
    version "1.5.3"
    resolved "https://codeload.github.com/pillarjs/path-to-regexp/tar.gz/ec285ed3500aed455df59e3b8b07f473412918a4"
    dependencies:
      isarray "0.0.1"
